GROUP,PACKAGE,CLASS,INSTRUCTION_MISSED,INSTRUCTION_COVERED,BRANCH_MISSED,BRANCH_COVERED,LINE_MISSED,LINE_COVERED,COMPLEXITY_MISSED,COMPLEXITY_COVERED,METHOD_MISSED,METHOD_COVERED
Othello,othello,Spot,0,24,0,4,0,9,0,5,0,3
Othello,othello,OthelloWidget.Player,0,15,0,0,0,2,0,1,0,1
Othello,othello,OthelloWidget,107,907,28,132,30,216,23,76,0,19
Othello,othello,SpotBoardIterator,0,63,0,6,0,14,0,6,0,3
Othello,othello,JSpot,54,173,5,9,13,58,4,26,1,22
Othello,othello,JSpot.new Runnable() {...},1,13,0,0,1,5,0,2,0,2
Othello,othello,OthelloGame,39,0,0,0,12,0,2,0,2,0
Othello,othello,JSpotBoard,10,396,8,50,2,55,8,31,0,10
